This is pdfTeX, Version 3.14159265-2.6-1.40.20 (MiKTeX 2.9.7000 64-bit) (preloaded format=pdflatex 2019.4.1)  1 APR 2019 21:24
entering extended mode
**./informe.tex
(informe.tex
LaTeX2e <2018-12-01>
("C:\Users\anfer\AppData\Local\Programs\MiKTeX 2.9\tex/latex/base\book.cls"
Document Class: book 2018/09/03 v1.4i Standard LaTeX document class
("C:\Users\anfer\AppData\Local\Programs\MiKTeX 2.9\tex/latex/base\bk11.clo"
File: bk11.clo 2018/09/03 v1.4i Standard LaTeX file (size option)
)
\c@part=\count80
\c@chapter=\count81
\c@section=\count82
\c@subsection=\count83
\c@subsubsection=\count84
\c@paragraph=\count85
\c@subparagraph=\count86
\c@figure=\count87
\c@table=\count88
\abovecaptionskip=\skip41
\belowcaptionskip=\skip42
\bibindent=\dimen102
)
("C:\Users\anfer\AppData\Local\Programs\MiKTeX 2.9\tex/latex/graphics\graphicx.
sty"
Package: graphicx 2017/06/01 v1.1a Enhanced LaTeX Graphics (DPC,SPQR)

("C:\Users\anfer\AppData\Local\Programs\MiKTeX 2.9\tex/latex/graphics\keyval.st
y"
Package: keyval 2014/10/28 v1.15 key=value parser (DPC)
\KV@toks@=\toks14
)
("C:\Users\anfer\AppData\Local\Programs\MiKTeX 2.9\tex/latex/graphics\graphics.
sty"
Package: graphics 2017/06/25 v1.2c Standard LaTeX Graphics (DPC,SPQR)

("C:\Users\anfer\AppData\Local\Programs\MiKTeX 2.9\tex/latex/graphics\trig.sty"
Package: trig 2016/01/03 v1.10 sin cos tan (DPC)
)
("C:\Users\anfer\AppData\Local\Programs\MiKTeX 2.9\tex/latex/graphics-cfg\graph
ics.cfg"
File: graphics.cfg 2016/06/04 v1.11 sample graphics configuration
)
Package graphics Info: Driver file: pdftex.def on input line 99.

("C:\Users\anfer\AppData\Local\Programs\MiKTeX 2.9\tex/latex/graphics-def\pdfte
x.def"
File: pdftex.def 2018/01/08 v1.0l Graphics/color driver for pdftex
))
\Gin@req@height=\dimen103
\Gin@req@width=\dimen104
)
("C:\Users\anfer\AppData\Local\Programs\MiKTeX 2.9\tex/generic/babel\babel.sty"
Package: babel 2018/11/13 3.27 The Babel package
("C:\Users\anfer\AppData\Local\Programs\MiKTeX 2.9\tex/generic/babel\switch.def
"
File: switch.def 2018/11/13 3.27 Babel switching mechanism
)
*************************************
* Local config file bblopts.cfg used
*
("C:\Users\anfer\AppData\Local\Programs\MiKTeX 2.9\tex/latex/arabi\bblopts.cfg"
File: bblopts.cfg 2005/09/08 v0.1 add Arabic and Farsi to "declared" options of
 babel
)
("C:\Users\anfer\AppData\Local\Programs\MiKTeX 2.9\tex/latex/babel-spanish\span
ish.ldf"
Language: spanish.ldf 2016/03/03 v5.0p Spanish support from the babel system

("C:\Users\anfer\AppData\Local\Programs\MiKTeX 2.9\tex/generic/babel\babel.def"
File: babel.def 2018/11/13 3.27 Babel common definitions
\babel@savecnt=\count89
\U@D=\dimen105

("C:\Users\anfer\AppData\Local\Programs\MiKTeX 2.9\tex/generic/babel\txtbabel.d
ef")
\bbl@dirlevel=\count90
)
\es@quottoks=\toks15
\es@quotdepth=\count91
Package babel Info: Making " an active character on input line 561.
Package babel Info: Making . an active character on input line 662.
Package babel Info: Making < an active character on input line 707.
Package babel Info: Making > an active character on input line 707.
)) (informe.aux
LaTeX Info: Redefining \. on input line 6.
LaTeX Info: Redefining \% on input line 6.
 (proyecto/caso/caso.aux)
(proyecto/metodologia/metodologia.aux)
(diseno/requerimientos/requerimientos.aux) (diseno/interaccion/interaccion.aux)
(diseno/clases/clases.aux) (diseno/patrones/patrones.aux)
(diseno/estados/estados.aux) (diseno/componentes/componentes.aux)
(diseno/nodos/nodos.aux) (diseno/actividades/actividades.aux)
(reflexiones/conclusiones/conclusiones.aux))
\openout1 = `informe.aux'.

LaTeX Font Info:    Checking defaults for OML/cmm/m/it on input line 12.
LaTeX Font Info:    ... okay on input line 12.
LaTeX Font Info:    Checking defaults for T1/cmr/m/n on input line 12.
LaTeX Font Info:    ... okay on input line 12.
LaTeX Font Info:    Checking defaults for OT1/cmr/m/n on input line 12.
LaTeX Font Info:    ... okay on input line 12.
LaTeX Font Info:    Checking defaults for OMS/cmsy/m/n on input line 12.
LaTeX Font Info:    ... okay on input line 12.
LaTeX Font Info:    Checking defaults for OMX/cmex/m/n on input line 12.
LaTeX Font Info:    ... okay on input line 12.
LaTeX Font Info:    Checking defaults for U/cmr/m/n on input line 12.
LaTeX Font Info:    ... okay on input line 12.

("C:\Users\anfer\AppData\Local\Programs\MiKTeX 2.9\tex/context/base/mkii\supp-p
df.mkii"
[Loading MPS to PDF converter (version 2006.09.02).]
\scratchcounter=\count92
\scratchdimen=\dimen106
\scratchbox=\box27
\nofMPsegments=\count93
\nofMParguments=\count94
\everyMPshowfont=\toks16
\MPscratchCnt=\count95
\MPscratchDim=\dimen107
\MPnumerator=\count96
\makeMPintoPDFobject=\count97
\everyMPtoPDFconversion=\toks17
)
("C:\Users\anfer\AppData\Local\Programs\MiKTeX 2.9\tex/latex/oberdiek\epstopdf-
base.sty"
Package: epstopdf-base 2016/05/15 v2.6 Base part for package epstopdf

("C:\Users\anfer\AppData\Local\Programs\MiKTeX 2.9\tex/generic/oberdiek\infware
rr.sty"
Package: infwarerr 2016/05/16 v1.4 Providing info/warning/error messages (HO)
)
("C:\Users\anfer\AppData\Local\Programs\MiKTeX 2.9\tex/latex/oberdiek\grfext.st
y"
Package: grfext 2016/05/16 v1.2 Manage graphics extensions (HO)

("C:\Users\anfer\AppData\Local\Programs\MiKTeX 2.9\tex/generic/oberdiek\kvdefin
ekeys.sty"
Package: kvdefinekeys 2016/05/16 v1.4 Define keys (HO)

("C:\Users\anfer\AppData\Local\Programs\MiKTeX 2.9\tex/generic/oberdiek\ltxcmds
.sty"
Package: ltxcmds 2016/05/16 v1.23 LaTeX kernel commands for general use (HO)
)))
("C:\Users\anfer\AppData\Local\Programs\MiKTeX 2.9\tex/latex/oberdiek\kvoptions
.sty"
Package: kvoptions 2016/05/16 v3.12 Key value format for package options (HO)

("C:\Users\anfer\AppData\Local\Programs\MiKTeX 2.9\tex/generic/oberdiek\kvsetke
ys.sty"
Package: kvsetkeys 2016/05/16 v1.17 Key value parser (HO)

("C:\Users\anfer\AppData\Local\Programs\MiKTeX 2.9\tex/generic/oberdiek\etexcmd
s.sty"
Package: etexcmds 2016/05/16 v1.6 Avoid name clashes with e-TeX commands (HO)

("C:\Users\anfer\AppData\Local\Programs\MiKTeX 2.9\tex/generic/oberdiek\ifluate
x.sty"
Package: ifluatex 2016/05/16 v1.4 Provides the ifluatex switch (HO)
Package ifluatex Info: LuaTeX not detected.
))))
("C:\Users\anfer\AppData\Local\Programs\MiKTeX 2.9\tex/generic/oberdiek\pdftexc
mds.sty"
Package: pdftexcmds 2018/09/10 v0.29 Utility functions of pdfTeX for LuaTeX (HO
)

("C:\Users\anfer\AppData\Local\Programs\MiKTeX 2.9\tex/generic/oberdiek\ifpdf.s
ty"
Package: ifpdf 2018/09/07 v3.3 Provides the ifpdf switch
)
Package pdftexcmds Info: LuaTeX not detected.
Package pdftexcmds Info: \pdf@primitive is available.
Package pdftexcmds Info: \pdf@ifprimitive is available.
Package pdftexcmds Info: \pdfdraftmode found.
)
Package epstopdf-base Info: Redefining graphics rule for `.eps' on input line 4
38.
Package grfext Info: Graphics extension search list:
(grfext)             [.pdf,.png,.jpg,.mps,.jpeg,.jbig2,.jb2,.PDF,.PNG,.JPG,.JPE
G,.JBIG2,.JB2,.eps]
(grfext)             \AppendGraphicsExtensions on input line 456.
)
LaTeX Info: Redefining \. on input line 12.
LaTeX Info: Redefining \% on input line 12.
LaTeX Font Info:    External font `cmex10' loaded for size
(Font)              <12> on input line 13.
LaTeX Font Info:    External font `cmex10' loaded for size
(Font)              <8> on input line 13.
LaTeX Font Info:    External font `cmex10' loaded for size
(Font)              <6> on input line 13.
 [1


{C:/Users/anfer/AppData/Local/MiKTeX/2.9/pdftex/config/pdftex.map}]
[2

] (informe.toc
LaTeX Info: Redefining \. on input line 1.
LaTeX Info: Redefining \% on input line 1.
LaTeX Font Info:    External font `cmex10' loaded for size
(Font)              <10.95> on input line 4.
 [3])
\tf@toc=\write3
\openout3 = `informe.toc'.

LaTeX Info: Redefining \. on input line 15.
LaTeX Info: Redefining \% on input line 15.
 [4] (informe.lof
LaTeX Info: Redefining \. on input line 1.
LaTeX Info: Redefining \% on input line 1.
)
\tf@lof=\write4
\openout4 = `informe.lof'.

 [5

]
LaTeX Info: Redefining \. on input line 17.
LaTeX Info: Redefining \% on input line 17.
 [6

] [7] [8]
\openout2 = `proyecto/caso/caso.aux'.

 (proyecto/caso/caso.tex
Cap\'{\i }tulo 1.
) [9


]
\openout2 = `proyecto/metodologia/metodologia.aux'.

 (proyecto/metodologia/metodologia.tex
LaTeX Info: Redefining \. on input line 1.
LaTeX Info: Redefining \% on input line 1.
 [10



]
Cap\'{\i }tulo 2.
[11]
<proyecto/metodologia/imgs/rup.pdf, id=42, 297.11pt x 344.28625pt>
File: proyecto/metodologia/imgs/rup.pdf Graphic file (type pdf)
<use proyecto/metodologia/imgs/rup.pdf>
Package pdftex.def Info: proyecto/metodologia/imgs/rup.pdf  used on input line 
10.
(pdftex.def)             Requested size: 251.9989pt x 292.02478pt.
)
LaTeX Info: Redefining \. on input line 19.
LaTeX Info: Redefining \% on input line 19.
 [12 <./proyecto/metodologia/imgs/rup.pdf>] [13


] [14]
\openout2 = `diseno/requerimientos/requerimientos.aux'.


(diseno/requerimientos/requerimientos.tex
Cap\'{\i }tulo 3.
[15


])
\openout2 = `diseno/interaccion/interaccion.aux'.

 (diseno/interaccion/interaccion.tex
LaTeX Info: Redefining \. on input line 1.
LaTeX Info: Redefining \% on input line 1.
 [16



]
Cap\'{\i }tulo 4.
[17])
\openout2 = `diseno/clases/clases.aux'.

 (diseno/clases/clases.tex
LaTeX Info: Redefining \. on input line 1.
LaTeX Info: Redefining \% on input line 1.
 [18



]
Cap\'{\i }tulo 5.
[19])
\openout2 = `diseno/patrones/patrones.aux'.

 (diseno/patrones/patrones.tex
LaTeX Info: Redefining \. on input line 1.
LaTeX Info: Redefining \% on input line 1.
 [20



]
Cap\'{\i }tulo 6.
[21]
<diseno/patrones/imgs/prototipo.pdf, id=146, 562.1pt x 228.855pt>
File: diseno/patrones/imgs/prototipo.pdf Graphic file (type pdf)
<use diseno/patrones/imgs/prototipo.pdf>
Package pdftex.def Info: diseno/patrones/imgs/prototipo.pdf  used on input line
 10.
(pdftex.def)             Requested size: 251.9989pt x 102.59967pt.
)
LaTeX Info: Redefining \. on input line 24.
LaTeX Info: Redefining \% on input line 24.
 [22 <./diseno/patrones/imgs/prototipo.pdf>]
\openout2 = `diseno/estados/estados.aux'.

 (diseno/estados/estados.tex
Cap\'{\i }tulo 7.
[23



])
\openout2 = `diseno/componentes/componentes.aux'.

 (diseno/componentes/componentes.tex
LaTeX Info: Redefining \. on input line 1.
LaTeX Info: Redefining \% on input line 1.
 [24



]
Cap\'{\i }tulo 8.
[25])
\openout2 = `diseno/nodos/nodos.aux'.

 (diseno/nodos/nodos.tex
LaTeX Info: Redefining \. on input line 1.
LaTeX Info: Redefining \% on input line 1.
 [26



]
Cap\'{\i }tulo 9.
[27])
\openout2 = `diseno/actividades/actividades.aux'.

 (diseno/actividades/actividades.tex
LaTeX Info: Redefining \. on input line 1.
LaTeX Info: Redefining \% on input line 1.
 [28



]
Cap\'{\i }tulo 10.
[29])
LaTeX Info: Redefining \. on input line 29.
LaTeX Info: Redefining \% on input line 29.
 [30


] [31] [32]
\openout2 = `reflexiones/conclusiones/conclusiones.aux'.

 (reflexiones/conclusiones/conclusiones.tex
Cap\'{\i }tulo 11.
[33


]) (informe.bbl
LaTeX Info: Redefining \. on input line 1.
LaTeX Info: Redefining \% on input line 1.
 [34


]) [35] (informe.aux
LaTeX Info: Redefining \. on input line 6.
LaTeX Info: Redefining \% on input line 6.
 (proyecto/caso/caso.aux)
(proyecto/metodologia/metodologia.aux)
(diseno/requerimientos/requerimientos.aux) (diseno/interaccion/interaccion.aux)
(diseno/clases/clases.aux) (diseno/patrones/patrones.aux)
(diseno/estados/estados.aux) (diseno/componentes/componentes.aux)
(diseno/nodos/nodos.aux) (diseno/actividades/actividades.aux)
(reflexiones/conclusiones/conclusiones.aux)) ) 
Here is how much of TeX's memory you used:
 2541 strings out of 492945
 39667 string characters out of 3126253
 109769 words of memory out of 3000000
 6316 multiletter control sequences out of 15000+200000
 10722 words of font info for 37 fonts, out of 3000000 for 9000
 1141 hyphenation exceptions out of 8191
 41i,7n,31p,546b,397s stack positions out of 5000i,500n,10000p,200000b,50000s
<C:/Users/anfer/AppData/Local/Pro
grams/MiKTeX 2.9/fonts/type1/public/amsfonts/cm/cmbx10.pfb><C:/Users/anfer/AppD
ata/Local/Programs/MiKTeX 2.9/fonts/type1/public/amsfonts/cm/cmbx12.pfb><C:/Use
rs/anfer/AppData/Local/Programs/MiKTeX 2.9/fonts/type1/public/amsfonts/cm/cmr10
.pfb><C:/Users/anfer/AppData/Local/Programs/MiKTeX 2.9/fonts/type1/public/amsfo
nts/cm/cmr12.pfb><C:/Users/anfer/AppData/Local/Programs/MiKTeX 2.9/fonts/type1/
public/amsfonts/cm/cmr17.pfb><C:/Users/anfer/AppData/Local/Programs/MiKTeX 2.9/
fonts/type1/public/amsfonts/cm/cmsl10.pfb><C:/Users/anfer/AppData/Local/Program
s/MiKTeX 2.9/fonts/type1/public/amsfonts/cm/cmti10.pfb>
Output written on informe.pdf (35 pages, 414211 bytes).
PDF statistics:
 237 PDF objects out of 1000 (max. 8388607)
 0 named destinations out of 1000 (max. 500000)
 11 words of extra memory for PDF output out of 10000 (max. 10000000)

